<?xml version="1.0" encoding="UTF-8"?>
<testsuite name="hello.jdbc.repository.MemberRepositoryV1Test" tests="1" skipped="0" failures="0" errors="0" timestamp="2023-03-09T14:12:46" hostname="레노버_노트북" time="0.549">
  <properties/>
  <testcase name="crud()" classname="hello.jdbc.repository.MemberRepositoryV1Test" time="0.549"/>
  <system-out><![CDATA[23:12:46.690 [Test worker] DEBUG com.zaxxer.hikari.HikariConfig -  - configuration:
23:12:46.708 [Test worker] DEBUG com.zaxxer.hikari.HikariConfig - allowPoolSuspension................................false
23:12:46.709 [Test worker] DEBUG com.zaxxer.hikari.HikariConfig - autoCommit................................true
23:12:46.710 [Test worker] DEBUG com.zaxxer.hikari.HikariConfig - catalog................................none
23:12:46.711 [Test worker] DEBUG com.zaxxer.hikari.HikariConfig - connectionInitSql................................none
23:12:46.711 [Test worker] DEBUG com.zaxxer.hikari.HikariConfig - connectionTestQuery................................none
23:12:46.712 [Test worker] DEBUG com.zaxxer.hikari.HikariConfig - connectionTimeout................................30000
23:12:46.712 [Test worker] DEBUG com.zaxxer.hikari.HikariConfig - dataSource................................none
23:12:46.713 [Test worker] DEBUG com.zaxxer.hikari.HikariConfig - dataSourceClassName................................none
23:12:46.714 [Test worker] DEBUG com.zaxxer.hikari.HikariConfig - dataSourceJNDI................................none
23:12:46.715 [Test worker] DEBUG com.zaxxer.hikari.HikariConfig - dataSourceProperties................................{password=<masked>}
23:12:46.716 [Test worker] DEBUG com.zaxxer.hikari.HikariConfig - driverClassName................................none
23:12:46.717 [Test worker] DEBUG com.zaxxer.hikari.HikariConfig - exceptionOverrideClassName................................none
23:12:46.717 [Test worker] DEBUG com.zaxxer.hikari.HikariConfig - healthCheckProperties................................{}
23:12:46.717 [Test worker] DEBUG com.zaxxer.hikari.HikariConfig - healthCheckRegistry................................none
23:12:46.718 [Test worker] DEBUG com.zaxxer.hikari.HikariConfig - idleTimeout................................600000
23:12:46.718 [Test worker] DEBUG com.zaxxer.hikari.HikariConfig - initializationFailTimeout................................1
23:12:46.719 [Test worker] DEBUG com.zaxxer.hikari.HikariConfig - isolateInternalQueries................................false
23:12:46.721 [Test worker] DEBUG com.zaxxer.hikari.HikariConfig - jdbcUrl................................jdbc:h2:tcp://localhost/~/test
23:12:46.722 [Test worker] DEBUG com.zaxxer.hikari.HikariConfig - keepaliveTime................................0
23:12:46.723 [Test worker] DEBUG com.zaxxer.hikari.HikariConfig - leakDetectionThreshold................................0
23:12:46.724 [Test worker] DEBUG com.zaxxer.hikari.HikariConfig - maxLifetime................................1800000
23:12:46.725 [Test worker] DEBUG com.zaxxer.hikari.HikariConfig - maximumPoolSize................................10
23:12:46.726 [Test worker] DEBUG com.zaxxer.hikari.HikariConfig - metricRegistry................................none
23:12:46.726 [Test worker] DEBUG com.zaxxer.hikari.HikariConfig - metricsTrackerFactory................................none
23:12:46.727 [Test worker] DEBUG com.zaxxer.hikari.HikariConfig - minimumIdle................................10
23:12:46.728 [Test worker] DEBUG com.zaxxer.hikari.HikariConfig - password................................<masked>
23:12:46.728 [Test worker] DEBUG com.zaxxer.hikari.HikariConfig - poolName................................""
23:12:46.729 [Test worker] DEBUG com.zaxxer.hikari.HikariConfig - readOnly................................false
23:12:46.729 [Test worker] DEBUG com.zaxxer.hikari.HikariConfig - registerMbeans................................false
23:12:46.730 [Test worker] DEBUG com.zaxxer.hikari.HikariConfig - scheduledExecutor................................none
23:12:46.730 [Test worker] DEBUG com.zaxxer.hikari.HikariConfig - schema................................none
23:12:46.730 [Test worker] DEBUG com.zaxxer.hikari.HikariConfig - threadFactory................................internal
23:12:46.731 [Test worker] DEBUG com.zaxxer.hikari.HikariConfig - transactionIsolation................................default
23:12:46.731 [Test worker] DEBUG com.zaxxer.hikari.HikariConfig - username................................"sa"
23:12:46.731 [Test worker] DEBUG com.zaxxer.hikari.HikariConfig - validationTimeout................................5000
23:12:46.732 [Test worker] INFO com.zaxxer.hikari.HikariDataSource -  - Starting...
23:12:46.769 [Test worker] DEBUG com.zaxxer.hikari.util.DriverDataSource - Loaded driver with class name org.h2.Driver for jdbcUrl=jdbc:h2:tcp://localhost/~/test
23:12:46.941 [Test worker] DEBUG com.zaxxer.hikari.pool.HikariPool -  - Added connection conn0: url=jdbc:h2:tcp://localhost/~/test user=SA
23:12:46.944 [Test worker] INFO com.zaxxer.hikari.HikariDataSource -  - Start completed.
23:12:46.950 [Test worker] INFO hello.jdbc.repository.MemberRepositoryV1 - get connection=HikariProxyConnection@1157943921 wrapping conn0: url=jdbc:h2:tcp://localhost/~/test user=SA, class=class com.zaxxer.hikari.pool.HikariProxyConnection
23:12:46.986 [Test worker] INFO hello.jdbc.repository.MemberRepositoryV1 - get connection=HikariProxyConnection@509864971 wrapping conn0: url=jdbc:h2:tcp://localhost/~/test user=SA, class=class com.zaxxer.hikari.pool.HikariProxyConnection
23:12:47.000 [Test worker] INFO hello.jdbc.repository.MemberRepositoryV1Test - findMember=Member(memberId=memberV0, money=10000)
23:12:47.054 [ housekeeper] DEBUG com.zaxxer.hikari.pool.HikariPool -  - Pool stats (total=1, active=0, idle=1, waiting=0)
23:12:47.073 [ connection adder] DEBUG com.zaxxer.hikari.pool.HikariPool -  - Added connection conn1: url=jdbc:h2:tcp://localhost/~/test user=SA
23:12:47.086 [ connection adder] DEBUG com.zaxxer.hikari.pool.HikariPool -  - Added connection conn2: url=jdbc:h2:tcp://localhost/~/test user=SA
23:12:47.098 [ connection adder] DEBUG com.zaxxer.hikari.pool.HikariPool -  - Added connection conn3: url=jdbc:h2:tcp://localhost/~/test user=SA
23:12:47.107 [ connection adder] DEBUG com.zaxxer.hikari.pool.HikariPool -  - Added connection conn4: url=jdbc:h2:tcp://localhost/~/test user=SA
23:12:47.121 [ connection adder] DEBUG com.zaxxer.hikari.pool.HikariPool -  - Added connection conn5: url=jdbc:h2:tcp://localhost/~/test user=SA
23:12:47.131 [ connection adder] DEBUG com.zaxxer.hikari.pool.HikariPool -  - Added connection conn6: url=jdbc:h2:tcp://localhost/~/test user=SA
23:12:47.139 [ connection adder] DEBUG com.zaxxer.hikari.pool.HikariPool -  - Added connection conn7: url=jdbc:h2:tcp://localhost/~/test user=SA
23:12:47.147 [ connection adder] DEBUG com.zaxxer.hikari.pool.HikariPool -  - Added connection conn8: url=jdbc:h2:tcp://localhost/~/test user=SA
23:12:47.155 [ connection adder] DEBUG com.zaxxer.hikari.pool.HikariPool -  - Added connection conn9: url=jdbc:h2:tcp://localhost/~/test user=SA
23:12:47.156 [ connection adder] DEBUG com.zaxxer.hikari.pool.HikariPool -  - After adding stats (total=10, active=0, idle=10, waiting=0)
23:12:47.188 [Test worker] INFO hello.jdbc.repository.MemberRepositoryV1 - get connection=HikariProxyConnection@832145584 wrapping conn0: url=jdbc:h2:tcp://localhost/~/test user=SA, class=class com.zaxxer.hikari.pool.HikariProxyConnection
23:12:47.190 [Test worker] INFO hello.jdbc.repository.MemberRepositoryV1 - resultSize=1
23:12:47.191 [Test worker] INFO hello.jdbc.repository.MemberRepositoryV1 - get connection=HikariProxyConnection@224060798 wrapping conn0: url=jdbc:h2:tcp://localhost/~/test user=SA, class=class com.zaxxer.hikari.pool.HikariProxyConnection
23:12:47.195 [Test worker] INFO hello.jdbc.repository.MemberRepositoryV1 - get connection=HikariProxyConnection@209360730 wrapping conn0: url=jdbc:h2:tcp://localhost/~/test user=SA, class=class com.zaxxer.hikari.pool.HikariProxyConnection
23:12:47.199 [Test worker] INFO hello.jdbc.repository.MemberRepositoryV1 - get connection=HikariProxyConnection@265348534 wrapping conn0: url=jdbc:h2:tcp://localhost/~/test user=SA, class=class com.zaxxer.hikari.pool.HikariProxyConnection
]]></system-out>
  <system-err><![CDATA[]]></system-err>
</testsuite>
